{
  "RSpec": {
    "coverage": {
      "/Users/cernanbernardo/Development/projects/personal_chef/personal_chef_api/config/environment.rb": [
        null,
        1,
        null,
        null,
        1
      ],
      "/Users/cernanbernardo/Development/projects/personal_chef/personal_chef_api/config/application.rb": [
        1,
        null,
        1,
        null,
        1,
        1,
        1,
        1,
        1,
        1,
        1,
        null,
        null,
        null,
        null,
        null,
        1,
        null,
        1,
        1,
        null,
        1,
        null,
        null,
        null,
        null,
        null,
        null,
        null,
        null,
        1,
        null,
        null
      ],
      "/Users/cernanbernardo/Development/projects/personal_chef/personal_chef_api/config/boot.rb": [
        1,
        null,
        1
      ],
      "/Users/cernanbernardo/Development/projects/personal_chef/personal_chef_api/config/spring.rb": [
        null,
        null,
        null,
        null,
        null,
        5
      ],
      "/Users/cernanbernardo/Development/projects/personal_chef/personal_chef_api/config/environments/test.rb": [
        1,
        null,
        null,
        null,
        null,
        null,
        null,
        1,
        null,
        null,
        null,
        null,
        1,
        null,
        null,
        1,
        1,
        null,
        null,
        null,
        null,
        1,
        1,
        null,
        null,
        1,
        null,
        null,
        1,
        1,
        null,
        null,
        null,
        null,
        1,
        null,
        null,
        1,
        null,
        null,
        null,
        null
      ],
      "/Users/cernanbernardo/Development/projects/personal_chef/personal_chef_api/config/initializers/application_controller_renderer.rb": [
        null,
        null,
        null,
        null,
        null,
        null
      ],
      "/Users/cernanbernardo/Development/projects/personal_chef/personal_chef_api/config/initializers/backtrace_silencers.rb": [
        null,
        null,
        null,
        null,
        null,
        null,
        null
      ],
      "/Users/cernanbernardo/Development/projects/personal_chef/personal_chef_api/config/initializers/cors.rb": [
        null,
        null,
        null,
        null,
        null,
        null,
        null,
        1,
        1,
        1,
        null,
        1,
        null,
        null,
        null,
        null
      ],
      "/Users/cernanbernardo/Development/projects/personal_chef/personal_chef_api/config/initializers/filter_parameter_logging.rb": [
        null,
        null,
        null,
        1
      ],
      "/Users/cernanbernardo/Development/projects/personal_chef/personal_chef_api/config/initializers/inflections.rb": [
        null,
        null,
        null,
        null,
        null,
        null,
        null,
        null,
        null,
        null,
        null,
        null,
        null,
        null,
        null,
        null
      ],
      "/Users/cernanbernardo/Development/projects/personal_chef/personal_chef_api/config/initializers/mime_types.rb": [
        null,
        null,
        null,
        null
      ],
      "/Users/cernanbernardo/Development/projects/personal_chef/personal_chef_api/config/initializers/wrap_parameters.rb": [
        null,
        null,
        null,
        null,
        null,
        null,
        1,
        2,
        null,
        null,
        null,
        null,
        null,
        null
      ],
      "/Users/cernanbernardo/Development/projects/personal_chef/personal_chef_api/spec/factories/household_meals.rb": [
        1,
        1,
        1,
        1,
        null,
        null
      ],
      "/Users/cernanbernardo/Development/projects/personal_chef/personal_chef_api/spec/factories/households.rb": [
        1,
        1,
        1,
        1,
        1,
        1,
        null,
        null
      ],
      "/Users/cernanbernardo/Development/projects/personal_chef/personal_chef_api/spec/factories/ingredients.rb": [
        1,
        1,
        1,
        null,
        null
      ],
      "/Users/cernanbernardo/Development/projects/personal_chef/personal_chef_api/spec/factories/meal_ingredients.rb": [
        1,
        1,
        1,
        1,
        1,
        null,
        null
      ],
      "/Users/cernanbernardo/Development/projects/personal_chef/personal_chef_api/spec/factories/meals.rb": [
        1,
        1,
        1,
        null,
        null
      ],
      "/Users/cernanbernardo/Development/projects/personal_chef/personal_chef_api/spec/factories/members.rb": [
        1,
        1,
        1,
        1,
        1,
        1,
        null,
        null
      ],
      "/Users/cernanbernardo/Development/projects/personal_chef/personal_chef_api/spec/factories/user_meals.rb": [
        1,
        1,
        1,
        1,
        null,
        null
      ],
      "/Users/cernanbernardo/Development/projects/personal_chef/personal_chef_api/spec/factories/users.rb": [
        1,
        1,
        1,
        1,
        1,
        1,
        null,
        null
      ],
      "/Users/cernanbernardo/Development/projects/personal_chef/personal_chef_api/config/routes.rb": [
        1,
        null,
        1,
        1,
        1,
        1,
        1,
        null,
        null,
        1,
        null,
        1,
        1,
        1,
        1,
        null,
        null,
        null,
        null
      ],
      "/Users/cernanbernardo/Development/projects/personal_chef/personal_chef_api/app/controllers/application_controller.rb": [
        1,
        null,
        1,
        null,
        1,
        null,
        1,
        0,
        0,
        0,
        0,
        0,
        null,
        0,
        null,
        null,
        0,
        0,
        null,
        null,
        null,
        null,
        null,
        0,
        null,
        null,
        null,
        null,
        null,
        null,
        null,
        1,
        0,
        null,
        null,
        null
      ],
      "/Users/cernanbernardo/Development/projects/personal_chef/personal_chef_api/spec/controllers/household_meals_controller_spec.rb": [
        1,
        null,
        null,
        null,
        null
      ],
      "/Users/cernanbernardo/Development/projects/personal_chef/personal_chef_api/spec/controllers/households_controller_spec.rb": [
        1,
        null,
        1,
        null,
        1,
        0,
        0,
        null,
        null,
        1,
        null,
        1,
        0,
        0,
        null,
        null,
        null,
        0,
        null,
        null,
        null,
        null,
        null,
        null,
        null,
        null,
        null,
        0,
        0,
        null,
        0,
        null,
        null,
        null,
        null
      ],
      "/Users/cernanbernardo/Development/projects/personal_chef/personal_chef_api/app/controllers/api/v1/households_controller.rb": [
        1,
        1,
        null,
        1,
        0,
        0,
        null,
        null,
        1,
        0,
        null,
        0,
        null,
        null,
        1,
        0,
        null,
        0,
        0,
        null,
        0,
        null,
        null,
        null,
        null,
        null,
        1,
        0,
        0,
        0,
        null,
        null,
        1,
        1,
        0,
        null,
        null,
        null,
        null
      ],
      "/Users/cernanbernardo/Development/projects/personal_chef/personal_chef_api/spec/models/household_meal_spec.rb": [
        1,
        null,
        1,
        1,
        1,
        1,
        1,
        null,
        null,
        null
      ],
      "/Users/cernanbernardo/Development/projects/personal_chef/personal_chef_api/app/models/household_meal.rb": [
        1,
        1,
        1,
        null
      ],
      "/Users/cernanbernardo/Development/projects/personal_chef/personal_chef_api/app/models/application_record.rb": [
        1,
        1,
        null
      ],
      "/Users/cernanbernardo/Development/projects/personal_chef/personal_chef_api/spec/models/household_spec.rb": [
        1,
        null,
        1,
        null,
        1,
        1,
        null,
        1,
        null,
        null,
        1,
        null,
        1,
        1,
        1,
        null,
        1,
        1,
        null,
        null,
        null,
        null,
        null,
        null,
        1,
        1,
        1,
        null,
        1,
        null,
        null,
        1,
        1,
        null,
        1,
        null,
        null,
        null,
        null,
        null,
        1,
        1,
        1,
        1,
        null,
        1,
        null,
        null,
        1,
        1,
        1,
        null,
        1,
        1,
        null,
        1,
        null,
        null,
        null,
        null,
        null,
        null
      ],
      "/Users/cernanbernardo/Development/projects/personal_chef/personal_chef_api/app/models/household.rb": [
        1,
        1,
        1,
        null,
        1,
        1,
        1,
        1,
        null,
        1,
        1,
        null,
        null,
        null
      ],
      "/Users/cernanbernardo/Development/projects/personal_chef/personal_chef_api/spec/models/ingredient_spec.rb": [
        1,
        null,
        1,
        1,
        1,
        1,
        null,
        1,
        1,
        null,
        null,
        null,
        null,
        null,
        null,
        1,
        1,
        1,
        1,
        null,
        1,
        null,
        1,
        null,
        null,
        1,
        1,
        1,
        null,
        1,
        null,
        1,
        null,
        null,
        null,
        null,
        null
      ],
      "/Users/cernanbernardo/Development/projects/personal_chef/personal_chef_api/app/models/ingredient.rb": [
        1,
        1,
        null,
        1,
        1,
        null
      ],
      "/Users/cernanbernardo/Development/projects/personal_chef/personal_chef_api/spec/models/meal_ingredient_spec.rb": [
        1,
        null,
        1,
        1,
        1,
        1,
        null,
        1,
        1,
        null,
        null,
        null,
        null,
        null,
        null,
        1,
        1,
        null,
        1,
        1,
        null,
        null,
        null,
        null,
        null,
        null,
        1,
        1,
        2,
        null,
        null,
        1,
        1,
        null,
        null,
        1,
        1,
        null,
        null,
        null,
        null
      ],
      "/Users/cernanbernardo/Development/projects/personal_chef/personal_chef_api/app/models/meal_ingredient.rb": [
        1,
        1,
        1,
        1,
        null
      ],
      "/Users/cernanbernardo/Development/projects/personal_chef/personal_chef_api/spec/models/meal_spec.rb": [
        1,
        null,
        1,
        1,
        1,
        1,
        null,
        1,
        1,
        null,
        null,
        null,
        null,
        null,
        null,
        1,
        1,
        1,
        1,
        null,
        1,
        null,
        1,
        null,
        null,
        1,
        1,
        1,
        null,
        1,
        null,
        1,
        null,
        null,
        null,
        null,
        null,
        null
      ],
      "/Users/cernanbernardo/Development/projects/personal_chef/personal_chef_api/app/models/meal.rb": [
        1,
        1,
        null,
        1,
        1,
        null,
        1,
        1,
        null
      ],
      "/Users/cernanbernardo/Development/projects/personal_chef/personal_chef_api/spec/models/member_spec.rb": [
        1,
        null,
        1,
        null,
        1,
        4,
        4,
        null,
        null,
        1,
        1,
        1,
        null,
        1,
        null,
        null,
        1,
        1,
        null,
        1,
        null,
        null,
        1,
        1,
        null,
        1,
        null,
        null,
        null,
        null,
        1,
        1,
        1,
        null,
        1,
        null,
        null,
        null
      ],
      "/Users/cernanbernardo/Development/projects/personal_chef/personal_chef_api/app/models/member.rb": [
        1,
        1,
        1,
        1,
        1,
        null
      ],
      "/Users/cernanbernardo/Development/projects/personal_chef/personal_chef_api/spec/models/user_meal_spec.rb": [
        1,
        null,
        1,
        1,
        1,
        1,
        null,
        1,
        1,
        null,
        null,
        null,
        null,
        null,
        null,
        null,
        1,
        1,
        2,
        null,
        null,
        1,
        1,
        null,
        null,
        1,
        1,
        null,
        null,
        null,
        null,
        null
      ],
      "/Users/cernanbernardo/Development/projects/personal_chef/personal_chef_api/app/models/user_meal.rb": [
        1,
        1,
        1,
        null
      ],
      "/Users/cernanbernardo/Development/projects/personal_chef/personal_chef_api/spec/models/user_spec.rb": [
        1,
        null,
        1,
        1,
        1,
        1,
        null,
        1,
        1,
        null,
        null,
        1,
        1,
        null,
        1,
        1,
        null,
        null,
        1,
        1,
        1,
        null,
        1,
        1,
        null,
        null,
        null,
        1,
        1,
        1,
        1,
        null,
        1,
        1,
        null,
        null,
        1,
        1,
        null,
        null,
        null,
        null,
        1,
        1,
        1,
        null,
        1,
        null,
        null,
        null,
        1,
        1,
        1,
        null,
        1,
        1,
        null,
        1,
        1,
        null,
        1,
        null,
        null,
        1,
        1,
        null,
        1,
        1,
        null,
        1,
        1,
        null,
        1,
        null,
        null,
        null,
        null,
        null,
        1,
        null,
        1,
        1,
        1,
        1,
        1,
        1,
        null,
        null,
        1,
        1,
        1,
        null,
        1,
        null,
        1,
        null,
        null,
        1,
        1,
        1,
        null,
        1,
        null,
        1,
        null,
        null,
        null,
        null,
        null
      ],
      "/Users/cernanbernardo/Development/projects/personal_chef/personal_chef_api/app/models/user.rb": [
        1,
        1,
        1,
        null,
        1,
        1,
        1,
        null,
        1,
        1,
        1,
        1,
        null,
        1,
        null,
        1,
        1,
        null,
        null,
        1,
        1,
        null,
        null,
        null
      ],
      "/Users/cernanbernardo/Development/projects/personal_chef/personal_chef_api/spec/requests/api/v1/users_requests_spec.rb": [
        1,
        null,
        1,
        null,
        1,
        null,
        1,
        null,
        1,
        2,
        null,
        null,
        null,
        null,
        null,
        null,
        null,
        null,
        2,
        null,
        null,
        null,
        2,
        null,
        null,
        1,
        1,
        null,
        null,
        1,
        1,
        null,
        1,
        1,
        1,
        1,
        1,
        null,
        null,
        null,
        1,
        null,
        1,
        1,
        null,
        null,
        null,
        null,
        null,
        1,
        1,
        null,
        null,
        null,
        null,
        null,
        null,
        1,
        null,
        null,
        null,
        1,
        null,
        1,
        1,
        null,
        null,
        null,
        null,
        null
      ],
      "/Users/cernanbernardo/Development/projects/personal_chef/personal_chef_api/app/controllers/api/v1/users_controller.rb": [
        1,
        null,
        1,
        2,
        2,
        2,
        null,
        0,
        null,
        null,
        null,
        null,
        null,
        1,
        1,
        2,
        null,
        null
      ],
      "/Users/cernanbernardo/Development/projects/personal_chef/personal_chef_api/app/lib/auth.rb": [
        1,
        null,
        1,
        2,
        2,
        null,
        null,
        1,
        0,
        null,
        null
      ],
      "/Users/cernanbernardo/Development/projects/personal_chef/personal_chef_api/app/controllers/api/v1/auth_controller.rb": [
        1,
        1,
        null,
        1,
        1,
        null,
        1,
        1,
        null,
        null,
        null,
        0,
        0,
        null,
        null,
        0,
        null,
        null,
        null,
        null,
        null,
        1,
        0,
        null,
        null,
        null
      ]
    },
    "timestamp": 1507956664
  }
}
